<?xml version="1.0" encoding="UTF-8"?>
<!-- Generated by org.testng.reporters.JUnitXMLReporter -->
<testsuite ignored="0" hostname="LPT-411" failures="0" tests="4" name="Test" time="27.039" errors="0" timestamp="2021-05-25T19:31:34 IST">
  <testcase classname="E2Eproject.validationNavbar" name="@BeforeTest initial" time="5.522">
    <failure type="org.openqa.selenium.WebDriverException" message="unknown error: cannot determine loading status
from disconnected: received Inspector.detached event
  (Session info: chrome=90.0.4430.212)
Build info: version: &amp;apos;3.141.59&amp;apos;, revision: &amp;apos;e82be7d358&amp;apos;, time: &amp;apos;2018-11-14T08:25:48&amp;apos;
System info: host: &amp;apos;LPT-411&amp;apos;, ip: &amp;apos;192.168.43.180&amp;apos;, os.name: &amp;apos;Windows 10&amp;apos;, os.arch: &amp;apos;amd64&amp;apos;, os.version: &amp;apos;10.0&amp;apos;, java.version: &amp;apos;15.0.1&amp;apos;
Driver info: org.openqa.selenium.chrome.ChromeDriver
Capabilities {acceptInsecureCerts: false, browserName: chrome, browserVersion: 90.0.4430.212, chrome: {chromedriverVersion: 90.0.4430.24 (4c6d850f087da..., userDataDir: C:\Users\MANJUN~1\AppData\L...}, goog:chromeOptions: {debuggerAddress: localhost:49154}, javascriptEnabled: true, networkConnectionEnabled: false, pageLoadStrategy: normal, platform: WINDOWS, platformName: WINDOWS, proxy: Proxy(), setWindowRect: true, strictFileInteractability: false, timeouts: {implicit: 0, pageLoad: 300000, script: 30000}, unhandledPromptBehavior: dismiss and notify, webauthn:extension:largeBlob: true, webauthn:virtualAuthenticators: true}
Session ID: 14295a72a1e0fabaa973e6a5ab7633f3">
      <![CDATA[org.openqa.selenium.WebDriverException: unknown error: cannot determine loading status
from disconnected: received Inspector.detached event
  (Session info: chrome=90.0.4430.212)
Build info: version: '3.141.59', revision: 'e82be7d358', time: '2018-11-14T08:25:48'
System info: host: 'LPT-411', ip: '192.168.43.180', os.name: 'Windows 10', os.arch: 'amd64', os.version: '10.0', java.version: '15.0.1'
Driver info: org.openqa.selenium.chrome.ChromeDriver
Capabilities {acceptInsecureCerts: false, browserName: chrome, browserVersion: 90.0.4430.212, chrome: {chromedriverVersion: 90.0.4430.24 (4c6d850f087da..., userDataDir: C:\Users\MANJUN~1\AppData\L...}, goog:chromeOptions: {debuggerAddress: localhost:49154}, javascriptEnabled: true, networkConnectionEnabled: false, pageLoadStrategy: normal, platform: WINDOWS, platformName: WINDOWS, proxy: Proxy(), setWindowRect: true, strictFileInteractability: false, timeouts: {implicit: 0, pageLoad: 300000, script: 30000}, unhandledPromptBehavior: dismiss and notify, webauthn:extension:largeBlob: true, webauthn:virtualAuthenticators: true}
Session ID: 14295a72a1e0fabaa973e6a5ab7633f3
at org.openqa.selenium.remote.http.W3CHttpResponseCodec.createException(W3CHttpResponseCodec.java:187)
at org.openqa.selenium.remote.http.W3CHttpResponseCodec.decode(W3CHttpResponseCodec.java:122)
at org.openqa.selenium.remote.http.W3CHttpResponseCodec.decode(W3CHttpResponseCodec.java:49)
at org.openqa.selenium.remote.HttpCommandExecutor.execute(HttpCommandExecutor.java:158)
at org.openqa.selenium.remote.service.DriverCommandExecutor.execute(DriverCommandExecutor.java:83)
at org.openqa.selenium.remote.RemoteWebDriver.execute(RemoteWebDriver.java:552)
at org.openqa.selenium.remote.RemoteWebDriver.get(RemoteWebDriver.java:277)
at E2Eproject.validationNavbar.initial(validationNavbar.java:26)
... Removed 29 stack frames]]>
    </failure>
  </testcase> <!-- @BeforeTest initial -->
  <testcase classname="E2Eproject.Homepage" name="@BeforeMethod initial" time="-1.621951293313E9">
    <skipped/>
  </testcase> <!-- @BeforeMethod initial -->
  <testcase classname="E2Eproject.Homepage" name="@AfterMethod Last" time="-1.621951293329E9">
    <skipped/>
  </testcase> <!-- @AfterMethod Last -->
  <testcase classname="E2Eproject.Homepage" name="@BeforeMethod initial" time="-1.621951293331E9">
    <skipped/>
  </testcase> <!-- @BeforeMethod initial -->
  <testcase classname="E2Eproject.Homepage" name="@AfterMethod Last" time="-1.62195129334E9">
    <skipped/>
  </testcase> <!-- @AfterMethod Last -->
  <testcase classname="E2Eproject.validateTitle" name="@AfterTest Last" time="-1.621951293349E9">
    <skipped/>
  </testcase> <!-- @AfterTest Last -->
  <testcase classname="E2Eproject.validationNavbar" name="@AfterTest Last" time="-1.621951293351E9">
    <skipped/>
  </testcase> <!-- @AfterTest Last -->
  <testcase classname="E2Eproject.validateTitle" name="validation" time="0.0">
    <skipped/>
  </testcase> <!-- validation -->
  <testcase classname="E2Eproject.Homepage" name="homepagenavigation" time="0.0">
    <skipped/>
  </testcase> <!-- homepagenavigation -->
  <testcase classname="E2Eproject.Homepage" name="homepagenavigation" time="0.0">
    <skipped/>
  </testcase> <!-- homepagenavigation -->
  <testcase classname="E2Eproject.validationNavbar" name="navigationBar" time="0.0">
    <skipped/>
  </testcase> <!-- navigationBar -->
</testsuite> <!-- Test -->
